<?xml version="1.0" encoding="UTF-8"?>
<!-- Generated by org.testng.reporters.JUnitXMLReporter -->
<testsuite ignored="18" hostname="MS-LP-18" failures="0" tests="6" name="Smoke" time="201.053" errors="0" timestamp="2022-06-08T17:07:00 IST">
  <testcase classname="com.ecommerce.testCases.LoginPageTest" name="ValidateloginTest" time="9.207"/>
  <testcase classname="com.ecommerce.testCases.IndexPageTest" name="validateAppLogo" time="0.163"/>
  <testcase classname="com.ecommerce.testCases.SearchresultPageTest" name="validateSearchProductTest" time="2.971"/>
  <testcase classname="com.ecommerce.testCases.HomePageTest" name="validateCheckAvailabilityOfMyWishListTest" time="63.695"/>
  <testcase classname="com.ecommerce.testCases.IndexPageTest" name="validateIndexPageTitle" time="0.014"/>
  <testcase classname="com.ecommerce.testCases.HomePageTest" name="validateOrderHistorytest" time="10.377"/>
  <testcase classname="com.ecommerce.Base.BaseClass" name="@BeforeSuite beforeSuite" time="0.0">
    <ignored/>
  </testcase> <!-- @BeforeSuite beforeSuite -->
  <testcase classname="com.ecommerce.Base.BaseClass" name="@BeforeSuite beforeSuite" time="0.0">
    <ignored/>
  </testcase> <!-- @BeforeSuite beforeSuite -->
  <testcase classname="com.ecommerce.Base.BaseClass" name="@BeforeSuite beforeSuite" time="0.0">
    <ignored/>
  </testcase> <!-- @BeforeSuite beforeSuite -->
  <testcase classname="com.ecommerce.Base.BaseClass" name="@BeforeSuite beforeSuite" time="0.0">
    <ignored/>
  </testcase> <!-- @BeforeSuite beforeSuite -->
  <testcase classname="com.ecommerce.Base.BaseClass" name="@BeforeSuite beforeSuite" time="0.0">
    <ignored/>
  </testcase> <!-- @BeforeSuite beforeSuite -->
  <testcase classname="com.ecommerce.Base.BaseClass" name="@BeforeSuite beforeSuite" time="0.0">
    <ignored/>
  </testcase> <!-- @BeforeSuite beforeSuite -->
  <testcase classname="com.ecommerce.Base.BaseClass" name="@BeforeSuite beforeSuite" time="0.0">
    <ignored/>
  </testcase> <!-- @BeforeSuite beforeSuite -->
  <testcase classname="com.ecommerce.testCases.AccountCreationPageTest" name="AccountPageTitleTest" time="0.0">
    <ignored/>
  </testcase> <!-- AccountPageTitleTest -->
  <testcase classname="com.ecommerce.testCases.EndtoEndTest" name="validateEndtoEndTest" time="0.0">
    <ignored/>
  </testcase> <!-- validateEndtoEndTest -->
  <testcase classname="com.ecommerce.testCases.OrderPageTest" name="validateTotalPriceTest" time="0.0">
    <ignored/>
  </testcase> <!-- validateTotalPriceTest -->
  <testcase classname="com.ecommerce.Base.BaseClass" name="@AfterSuite afterSuite" time="0.0">
    <ignored/>
  </testcase> <!-- @AfterSuite afterSuite -->
  <testcase classname="com.ecommerce.Base.BaseClass" name="@AfterSuite afterSuite" time="0.0">
    <ignored/>
  </testcase> <!-- @AfterSuite afterSuite -->
  <testcase classname="com.ecommerce.Base.BaseClass" name="@AfterSuite afterSuite" time="0.0">
    <ignored/>
  </testcase> <!-- @AfterSuite afterSuite -->
  <testcase classname="com.ecommerce.Base.BaseClass" name="@AfterSuite afterSuite" time="0.0">
    <ignored/>
  </testcase> <!-- @AfterSuite afterSuite -->
  <testcase classname="com.ecommerce.Base.BaseClass" name="@AfterSuite afterSuite" time="0.0">
    <ignored/>
  </testcase> <!-- @AfterSuite afterSuite -->
  <testcase classname="com.ecommerce.Base.BaseClass" name="@AfterSuite afterSuite" time="0.0">
    <ignored/>
  </testcase> <!-- @AfterSuite afterSuite -->
  <testcase classname="com.ecommerce.Base.BaseClass" name="@AfterSuite afterSuite" time="0.0">
    <ignored/>
  </testcase> <!-- @AfterSuite afterSuite -->
  <testcase classname="com.ecommerce.testCases.AddToCartPageTest" name="validateAddToCartTest" time="0.0">
    <ignored/>
  </testcase> <!-- validateAddToCartTest -->
</testsuite> <!-- Smoke -->
