<?xml version="1.0" encoding="UTF-8"?>
<!-- Generated by org.testng.reporters.JUnitXMLReporter -->
<testsuite ignored="14" hostname="MS-LP-18" failures="1" tests="10" name="Test" time="254.132" errors="0" timestamp="2022-06-07T14:54:14 IST">
  <testcase classname="com.ecommerce.testCases.LoginPageTest" name="ValidateloginTest" time="7.491"/>
  <testcase classname="com.ecommerce.testCases.AddToCartPageTest" name="validateAddToCartTest" time="11.154"/>
  <testcase classname="com.ecommerce.testCases.SearchresultPageTest" name="validateSearchProductTest" time="2.607"/>
  <testcase classname="com.ecommerce.testCases.HomePageTest" name="validateCheckAvailabilityOfMyWishListTest" time="9.426"/>
  <testcase classname="com.ecommerce.testCases.HomePageTest" name="validateOrderHistorytest" time="6.066"/>
  <testcase classname="com.ecommerce.testCases.OrderPageTest" name="validateTotalPriceTest" time="18.933"/>
  <testcase classname="com.ecommerce.testCases.EndtoEndTest" name="validateEndtoEndTest" time="48.474"/>
  <testcase classname="com.ecommerce.testCases.AccountCreationPageTest" name="AccountPageTitleTest" time="13.817"/>
  <testcase classname="com.ecommerce.testCases.IndexPageTest" name="validateAppLogo" time="0.102"/>
  <testcase classname="com.ecommerce.testCases.IndexPageTest" name="validateIndexPageTitle" time="0.009">
    <failure type="java.lang.AssertionError" message="expected [My Store1] but found [My Store]">
      <![CDATA[java.lang.AssertionError: expected [My Store1] but found [My Store]
at com.ecommerce.testCases.IndexPageTest.validateIndexPageTitle(IndexPageTest.java:42)
at java.base/java.util.ArrayList.forEach(ArrayList.java:1511)
... Removed 32 stack frames]]>
    </failure>
  </testcase> <!-- validateIndexPageTitle -->
  <testcase classname="com.ecommerce.Base.BaseClass" name="@BeforeSuite beforeSuite" time="0.0">
    <ignored/>
  </testcase> <!-- @BeforeSuite beforeSuite -->
  <testcase classname="com.ecommerce.Base.BaseClass" name="@BeforeSuite beforeSuite" time="0.0">
    <ignored/>
  </testcase> <!-- @BeforeSuite beforeSuite -->
  <testcase classname="com.ecommerce.Base.BaseClass" name="@BeforeSuite beforeSuite" time="0.0">
    <ignored/>
  </testcase> <!-- @BeforeSuite beforeSuite -->
  <testcase classname="com.ecommerce.Base.BaseClass" name="@BeforeSuite beforeSuite" time="0.0">
    <ignored/>
  </testcase> <!-- @BeforeSuite beforeSuite -->
  <testcase classname="com.ecommerce.Base.BaseClass" name="@BeforeSuite beforeSuite" time="0.0">
    <ignored/>
  </testcase> <!-- @BeforeSuite beforeSuite -->
  <testcase classname="com.ecommerce.Base.BaseClass" name="@BeforeSuite beforeSuite" time="0.0">
    <ignored/>
  </testcase> <!-- @BeforeSuite beforeSuite -->
  <testcase classname="com.ecommerce.Base.BaseClass" name="@BeforeSuite beforeSuite" time="0.0">
    <ignored/>
  </testcase> <!-- @BeforeSuite beforeSuite -->
  <testcase classname="com.ecommerce.Base.BaseClass" name="@AfterSuite afterSuite" time="0.0">
    <ignored/>
  </testcase> <!-- @AfterSuite afterSuite -->
  <testcase classname="com.ecommerce.Base.BaseClass" name="@AfterSuite afterSuite" time="0.0">
    <ignored/>
  </testcase> <!-- @AfterSuite afterSuite -->
  <testcase classname="com.ecommerce.Base.BaseClass" name="@AfterSuite afterSuite" time="0.0">
    <ignored/>
  </testcase> <!-- @AfterSuite afterSuite -->
  <testcase classname="com.ecommerce.Base.BaseClass" name="@AfterSuite afterSuite" time="0.0">
    <ignored/>
  </testcase> <!-- @AfterSuite afterSuite -->
  <testcase classname="com.ecommerce.Base.BaseClass" name="@AfterSuite afterSuite" time="0.0">
    <ignored/>
  </testcase> <!-- @AfterSuite afterSuite -->
  <testcase classname="com.ecommerce.Base.BaseClass" name="@AfterSuite afterSuite" time="0.0">
    <ignored/>
  </testcase> <!-- @AfterSuite afterSuite -->
  <testcase classname="com.ecommerce.Base.BaseClass" name="@AfterSuite afterSuite" time="0.0">
    <ignored/>
  </testcase> <!-- @AfterSuite afterSuite -->
</testsuite> <!-- Test -->
