<?xml version="1.0" encoding="UTF-8"?>
<testng-results ignored="14" total="24" passed="9" failed="1" skipped="0">
  <reporter-output>
  </reporter-output>
  <suite started-at="2022-06-07T14:50:00 IST" name="Suite" finished-at="2022-06-07T14:54:14 IST" duration-ms="254132">
    <groups>
      <group name="Sanity">
        <method signature="AccountCreationPageTest.AccountPageTitleTest(java.lang.String)[pri:1, instance:com.ecommerce.testCases.AccountCreationPageTest@1fa268de]" name="AccountPageTitleTest" class="com.ecommerce.testCases.AccountCreationPageTest"/>
        <method signature="AddToCartPageTest.validateAddToCartTest(java.lang.String, java.lang.String, java.lang.String)[pri:1, instance:com.ecommerce.testCases.AddToCartPageTest@4567f35d]" name="validateAddToCartTest" class="com.ecommerce.testCases.AddToCartPageTest"/>
        <method signature="LoginPageTest.ValidateloginTest(java.lang.String, java.lang.String)[pri:1, instance:com.ecommerce.testCases.LoginPageTest@2e005c4b]" name="ValidateloginTest" class="com.ecommerce.testCases.LoginPageTest"/>
      </group> <!-- Sanity -->
      <group name="Regression">
        <method signature="AddToCartPageTest.validateAddToCartTest(java.lang.String, java.lang.String, java.lang.String)[pri:1, instance:com.ecommerce.testCases.AddToCartPageTest@4567f35d]" name="validateAddToCartTest" class="com.ecommerce.testCases.AddToCartPageTest"/>
        <method signature="EndtoEndTest.validateEndtoEndTest(java.lang.String, java.lang.String, java.lang.String)[pri:1, instance:com.ecommerce.testCases.EndtoEndTest@359f7cdf]" name="validateEndtoEndTest" class="com.ecommerce.testCases.EndtoEndTest"/>
        <method signature="OrderPageTest.validateTotalPriceTest(java.lang.String, java.lang.String, java.lang.String)[pri:1, instance:com.ecommerce.testCases.OrderPageTest@4f18837a]" name="validateTotalPriceTest" class="com.ecommerce.testCases.OrderPageTest"/>
      </group> <!-- Regression -->
      <group name="Smoke">
        <method signature="HomePageTest.validateCheckAvailabilityOfMyWishListTest()[pri:1, instance:com.ecommerce.testCases.HomePageTest@6356695f]" name="validateCheckAvailabilityOfMyWishListTest" class="com.ecommerce.testCases.HomePageTest"/>
        <method signature="HomePageTest.validateOrderHistorytest()[pri:2, instance:com.ecommerce.testCases.HomePageTest@6356695f]" name="validateOrderHistorytest" class="com.ecommerce.testCases.HomePageTest"/>
        <method signature="IndexPageTest.validateAppLogo()[pri:1, instance:com.ecommerce.testCases.IndexPageTest@4f6ee6e4]" name="validateAppLogo" class="com.ecommerce.testCases.IndexPageTest"/>
        <method signature="IndexPageTest.validateIndexPageTitle()[pri:2, instance:com.ecommerce.testCases.IndexPageTest@4f6ee6e4]" name="validateIndexPageTitle" class="com.ecommerce.testCases.IndexPageTest"/>
        <method signature="LoginPageTest.ValidateloginTest(java.lang.String, java.lang.String)[pri:1, instance:com.ecommerce.testCases.LoginPageTest@2e005c4b]" name="ValidateloginTest" class="com.ecommerce.testCases.LoginPageTest"/>
        <method signature="SearchresultPageTest.validateSearchProductTest(java.lang.String)[pri:1, instance:com.ecommerce.testCases.SearchresultPageTest@5ffead27]" name="validateSearchProductTest" class="com.ecommerce.testCases.SearchresultPageTest"/>
      </group> <!-- Smoke -->
    </groups>
    <test started-at="2022-06-07T14:50:00 IST" name="Test" finished-at="2022-06-07T14:54:14 IST" duration-ms="254132">
      <class name="com.ecommerce.testCases.OrderPageTest">
        <test-method is-config="true" signature="setup(java.lang.String)[pri:0, instance:com.ecommerce.testCases.OrderPageTest@4f18837a]" started-at="2022-06-07T14:51:37 IST" name="setup" finished-at="2022-06-07T14:51:56 IST" duration-ms="18450" status="PASS">
          <params>
            <param index="0">
              <value>
                <![CDATA[Chrome]]>
              </value>
            </param>
          </params>
          <reporter-output>
          </reporter-output>
        </test-method> <!-- setup -->
        <test-method signature="validateTotalPriceTest(java.lang.String, java.lang.String, java.lang.String)[pri:1, instance:com.ecommerce.testCases.OrderPageTest@4f18837a]" started-at="2022-06-07T14:51:56 IST" name="validateTotalPriceTest" data-provider="getProduct" finished-at="2022-06-07T14:52:15 IST" duration-ms="18933" status="PASS">
          <params>
            <param index="0">
              <value>
                <![CDATA[t-shirt]]>
              </value>
            </param>
            <param index="1">
              <value>
                <![CDATA[2.0]]>
              </value>
            </param>
            <param index="2">
              <value>
                <![CDATA[M]]>
              </value>
            </param>
          </params>
          <reporter-output>
          </reporter-output>
        </test-method> <!-- validateTotalPriceTest -->
        <test-method is-config="true" signature="tearDown()[pri:0, instance:com.ecommerce.testCases.OrderPageTest@4f18837a]" started-at="2022-06-07T14:52:15 IST" name="tearDown" finished-at="2022-06-07T14:52:16 IST" duration-ms="839" status="PASS">
          <reporter-output>
          </reporter-output>
        </test-method> <!-- tearDown -->
      </class> <!-- com.ecommerce.testCases.OrderPageTest -->
      <class name="com.ecommerce.testCases.AddToCartPageTest">
        <test-method is-config="true" signature="setup(java.lang.String)[pri:0, instance:com.ecommerce.testCases.AddToCartPageTest@4567f35d]" started-at="2022-06-07T14:50:24 IST" name="setup" finished-at="2022-06-07T14:50:36 IST" duration-ms="12244" status="PASS">
          <params>
            <param index="0">
              <value>
                <![CDATA[Chrome]]>
              </value>
            </param>
          </params>
          <reporter-output>
          </reporter-output>
        </test-method> <!-- setup -->
        <test-method signature="validateAddToCartTest(java.lang.String, java.lang.String, java.lang.String)[pri:1, instance:com.ecommerce.testCases.AddToCartPageTest@4567f35d]" started-at="2022-06-07T14:50:36 IST" name="validateAddToCartTest" data-provider="getProduct" finished-at="2022-06-07T14:50:47 IST" duration-ms="11154" status="PASS">
          <params>
            <param index="0">
              <value>
                <![CDATA[t-shirt]]>
              </value>
            </param>
            <param index="1">
              <value>
                <![CDATA[2.0]]>
              </value>
            </param>
            <param index="2">
              <value>
                <![CDATA[M]]>
              </value>
            </param>
          </params>
          <reporter-output>
          </reporter-output>
        </test-method> <!-- validateAddToCartTest -->
        <test-method is-config="true" signature="tearDown()[pri:0, instance:com.ecommerce.testCases.AddToCartPageTest@4567f35d]" started-at="2022-06-07T14:50:47 IST" name="tearDown" finished-at="2022-06-07T14:50:48 IST" duration-ms="756" status="PASS">
          <reporter-output>
          </reporter-output>
        </test-method> <!-- tearDown -->
      </class> <!-- com.ecommerce.testCases.AddToCartPageTest -->
      <class name="com.ecommerce.testCases.SearchresultPageTest">
        <test-method is-config="true" signature="setup(java.lang.String)[pri:0, instance:com.ecommerce.testCases.SearchresultPageTest@5ffead27]" started-at="2022-06-07T14:50:48 IST" name="setup" finished-at="2022-06-07T14:50:57 IST" duration-ms="9293" status="PASS">
          <params>
            <param index="0">
              <value>
                <![CDATA[Chrome]]>
              </value>
            </param>
          </params>
          <reporter-output>
          </reporter-output>
        </test-method> <!-- setup -->
        <test-method signature="validateSearchProductTest(java.lang.String)[pri:1, instance:com.ecommerce.testCases.SearchresultPageTest@5ffead27]" started-at="2022-06-07T14:50:57 IST" name="validateSearchProductTest" data-provider="searchProduct" finished-at="2022-06-07T14:51:00 IST" duration-ms="2607" status="PASS">
          <params>
            <param index="0">
              <value>
                <![CDATA[t-shirt]]>
              </value>
            </param>
          </params>
          <reporter-output>
          </reporter-output>
        </test-method> <!-- validateSearchProductTest -->
        <test-method is-config="true" signature="tearDown()[pri:0, instance:com.ecommerce.testCases.SearchresultPageTest@5ffead27]" started-at="2022-06-07T14:51:00 IST" name="tearDown" finished-at="2022-06-07T14:51:01 IST" duration-ms="782" status="PASS">
          <reporter-output>
          </reporter-output>
        </test-method> <!-- tearDown -->
      </class> <!-- com.ecommerce.testCases.SearchresultPageTest -->
      <class name="com.ecommerce.testCases.LoginPageTest">
        <test-method is-config="true" signature="beforeSuite()[pri:0, instance:com.ecommerce.testCases.LoginPageTest@2e005c4b]" started-at="2022-06-07T14:49:59 IST" name="beforeSuite" finished-at="2022-06-07T14:50:00 IST" duration-ms="359" status="PASS">
          <reporter-output>
          </reporter-output>
        </test-method> <!-- beforeSuite -->
        <test-method is-config="true" signature="setup(java.lang.String)[pri:0, instance:com.ecommerce.testCases.LoginPageTest@2e005c4b]" started-at="2022-06-07T14:50:00 IST" name="setup" finished-at="2022-06-07T14:50:15 IST" duration-ms="15126" status="PASS">
          <params>
            <param index="0">
              <value>
                <![CDATA[Chrome]]>
              </value>
            </param>
          </params>
          <reporter-output>
          </reporter-output>
        </test-method> <!-- setup -->
        <test-method signature="ValidateloginTest(java.lang.String, java.lang.String)[pri:1, instance:com.ecommerce.testCases.LoginPageTest@2e005c4b]" started-at="2022-06-07T14:50:15 IST" name="ValidateloginTest" data-provider="credentials" finished-at="2022-06-07T14:50:23 IST" duration-ms="7491" status="PASS">
          <params>
            <param index="0">
              <value>
                <![CDATA[admin@xyz.com]]>
              </value>
            </param>
            <param index="1">
              <value>
                <![CDATA[admin@123]]>
              </value>
            </param>
          </params>
          <reporter-output>
          </reporter-output>
        </test-method> <!-- ValidateloginTest -->
        <test-method is-config="true" signature="tearDown()[pri:0, instance:com.ecommerce.testCases.LoginPageTest@2e005c4b]" started-at="2022-06-07T14:50:23 IST" name="tearDown" finished-at="2022-06-07T14:50:24 IST" duration-ms="772" status="PASS">
          <reporter-output>
          </reporter-output>
        </test-method> <!-- tearDown -->
        <test-method is-config="true" signature="afterSuite()[pri:0, instance:com.ecommerce.testCases.LoginPageTest@2e005c4b]" started-at="2022-06-07T14:54:14 IST" name="afterSuite" finished-at="2022-06-07T14:54:14 IST" duration-ms="536" status="PASS">
          <reporter-output>
          </reporter-output>
        </test-method> <!-- afterSuite -->
      </class> <!-- com.ecommerce.testCases.LoginPageTest -->
      <class name="com.ecommerce.testCases.HomePageTest">
        <test-method is-config="true" signature="setup(java.lang.String)[pri:0, instance:com.ecommerce.testCases.HomePageTest@6356695f]" started-at="2022-06-07T14:51:01 IST" name="setup" finished-at="2022-06-07T14:51:10 IST" duration-ms="9318" status="PASS">
          <params>
            <param index="0">
              <value>
                <![CDATA[Chrome]]>
              </value>
            </param>
          </params>
          <reporter-output>
          </reporter-output>
        </test-method> <!-- setup -->
        <test-method signature="validateCheckAvailabilityOfMyWishListTest()[pri:1, instance:com.ecommerce.testCases.HomePageTest@6356695f]" started-at="2022-06-07T14:51:10 IST" name="validateCheckAvailabilityOfMyWishListTest" finished-at="2022-06-07T14:51:19 IST" duration-ms="9426" status="PASS">
          <reporter-output>
          </reporter-output>
        </test-method> <!-- validateCheckAvailabilityOfMyWishListTest -->
        <test-method is-config="true" signature="tearDown()[pri:0, instance:com.ecommerce.testCases.HomePageTest@6356695f]" started-at="2022-06-07T14:51:19 IST" name="tearDown" finished-at="2022-06-07T14:51:20 IST" duration-ms="788" status="PASS">
          <reporter-output>
          </reporter-output>
        </test-method> <!-- tearDown -->
        <test-method is-config="true" signature="setup(java.lang.String)[pri:0, instance:com.ecommerce.testCases.HomePageTest@6356695f]" started-at="2022-06-07T14:51:20 IST" name="setup" finished-at="2022-06-07T14:51:30 IST" duration-ms="10186" status="PASS">
          <params>
            <param index="0">
              <value>
                <![CDATA[Chrome]]>
              </value>
            </param>
          </params>
          <reporter-output>
          </reporter-output>
        </test-method> <!-- setup -->
        <test-method signature="validateOrderHistorytest()[pri:2, instance:com.ecommerce.testCases.HomePageTest@6356695f]" started-at="2022-06-07T14:51:30 IST" name="validateOrderHistorytest" finished-at="2022-06-07T14:51:37 IST" duration-ms="6066" status="PASS">
          <reporter-output>
          </reporter-output>
        </test-method> <!-- validateOrderHistorytest -->
        <test-method is-config="true" signature="tearDown()[pri:0, instance:com.ecommerce.testCases.HomePageTest@6356695f]" started-at="2022-06-07T14:51:37 IST" name="tearDown" finished-at="2022-06-07T14:51:37 IST" duration-ms="757" status="PASS">
          <reporter-output>
          </reporter-output>
        </test-method> <!-- tearDown -->
      </class> <!-- com.ecommerce.testCases.HomePageTest -->
      <class name="com.ecommerce.testCases.AccountCreationPageTest">
        <test-method is-config="true" signature="setup(java.lang.String)[pri:0, instance:com.ecommerce.testCases.AccountCreationPageTest@1fa268de]" started-at="2022-06-07T14:53:17 IST" name="setup" finished-at="2022-06-07T14:53:27 IST" duration-ms="9802" status="PASS">
          <params>
            <param index="0">
              <value>
                <![CDATA[Chrome]]>
              </value>
            </param>
          </params>
          <reporter-output>
          </reporter-output>
        </test-method> <!-- setup -->
        <test-method signature="AccountPageTitleTest(java.lang.String)[pri:1, instance:com.ecommerce.testCases.AccountCreationPageTest@1fa268de]" started-at="2022-06-07T14:53:27 IST" name="AccountPageTitleTest" data-provider="email" finished-at="2022-06-07T14:53:40 IST" duration-ms="13817" status="PASS">
          <params>
            <param index="0">
              <value>
                <![CDATA[itanilkumar05@gmail.com]]>
              </value>
            </param>
          </params>
          <reporter-output>
          </reporter-output>
        </test-method> <!-- AccountPageTitleTest -->
        <test-method is-config="true" signature="tearDown()[pri:0, instance:com.ecommerce.testCases.AccountCreationPageTest@1fa268de]" started-at="2022-06-07T14:53:40 IST" name="tearDown" finished-at="2022-06-07T14:53:41 IST" duration-ms="787" status="PASS">
          <reporter-output>
          </reporter-output>
        </test-method> <!-- tearDown -->
      </class> <!-- com.ecommerce.testCases.AccountCreationPageTest -->
      <class name="com.ecommerce.testCases.IndexPageTest">
        <test-method is-config="true" signature="setup(java.lang.String)[pri:0, instance:com.ecommerce.testCases.IndexPageTest@4f6ee6e4]" started-at="2022-06-07T14:53:41 IST" name="setup" finished-at="2022-06-07T14:53:54 IST" duration-ms="12572" status="PASS">
          <params>
            <param index="0">
              <value>
                <![CDATA[Chrome]]>
              </value>
            </param>
          </params>
          <reporter-output>
          </reporter-output>
        </test-method> <!-- setup -->
        <test-method signature="validateAppLogo()[pri:1, instance:com.ecommerce.testCases.IndexPageTest@4f6ee6e4]" started-at="2022-06-07T14:53:54 IST" name="validateAppLogo" finished-at="2022-06-07T14:53:54 IST" duration-ms="102" status="PASS">
          <reporter-output>
          </reporter-output>
        </test-method> <!-- validateAppLogo -->
        <test-method is-config="true" signature="tearDown()[pri:0, instance:com.ecommerce.testCases.IndexPageTest@4f6ee6e4]" started-at="2022-06-07T14:53:54 IST" name="tearDown" finished-at="2022-06-07T14:53:55 IST" duration-ms="807" status="PASS">
          <reporter-output>
          </reporter-output>
        </test-method> <!-- tearDown -->
        <test-method is-config="true" signature="setup(java.lang.String)[pri:0, instance:com.ecommerce.testCases.IndexPageTest@4f6ee6e4]" started-at="2022-06-07T14:53:55 IST" name="setup" finished-at="2022-06-07T14:54:12 IST" duration-ms="17716" status="PASS">
          <params>
            <param index="0">
              <value>
                <![CDATA[Chrome]]>
              </value>
            </param>
          </params>
          <reporter-output>
          </reporter-output>
        </test-method> <!-- setup -->
        <test-method signature="validateIndexPageTitle()[pri:2, instance:com.ecommerce.testCases.IndexPageTest@4f6ee6e4]" started-at="2022-06-07T14:54:12 IST" name="validateIndexPageTitle" finished-at="2022-06-07T14:54:12 IST" duration-ms="9" status="FAIL">
          <exception class="java.lang.AssertionError">
            <message>
              <![CDATA[expected [My Store1] but found [My Store]]]>
            </message>
            <full-stacktrace>
              <![CDATA[java.lang.AssertionError: expected [My Store1] but found [My Store]
at org.testng.Assert.fail(Assert.java:97)
at org.testng.Assert.assertEqualsImpl(Assert.java:136)
at org.testng.Assert.assertEquals(Assert.java:118)
at org.testng.Assert.assertEquals(Assert.java:575)
at org.testng.Assert.assertEquals(Assert.java:585)
at com.ecommerce.testCases.IndexPageTest.validateIndexPageTitle(IndexPageTest.java:42)
at java.base/jdk.internal.reflect.NativeMethodAccessorImpl.invoke0(Native Method)
at java.base/jdk.internal.reflect.NativeMethodAccessorImpl.invoke(NativeMethodAccessorImpl.java:62)
at java.base/jdk.internal.reflect.DelegatingMethodAccessorImpl.invoke(DelegatingMethodAccessorImpl.java:43)
at java.base/java.lang.reflect.Method.invoke(Method.java:564)
at org.testng.internal.MethodInvocationHelper.invokeMethod(MethodInvocationHelper.java:134)
at org.testng.internal.TestInvoker.invokeMethod(TestInvoker.java:597)
at org.testng.internal.TestInvoker.invokeTestMethod(TestInvoker.java:173)
at org.testng.internal.MethodRunner.runInSequence(MethodRunner.java:46)
at org.testng.internal.TestInvoker$MethodInvocationAgent.invoke(TestInvoker.java:816)
at org.testng.internal.TestInvoker.invokeTestMethods(TestInvoker.java:146)
at org.testng.internal.TestMethodWorker.invokeTestMethods(TestMethodWorker.java:146)
at org.testng.internal.TestMethodWorker.run(TestMethodWorker.java:128)
at java.base/java.util.ArrayList.forEach(ArrayList.java:1511)
at org.testng.TestRunner.privateRun(TestRunner.java:766)
at org.testng.TestRunner.run(TestRunner.java:587)
at org.testng.SuiteRunner.runTest(SuiteRunner.java:384)
at org.testng.SuiteRunner.runSequentially(SuiteRunner.java:378)
at org.testng.SuiteRunner.privateRun(SuiteRunner.java:337)
at org.testng.SuiteRunner.run(SuiteRunner.java:286)
at org.testng.SuiteRunnerWorker.runSuite(SuiteRunnerWorker.java:53)
at org.testng.SuiteRunnerWorker.run(SuiteRunnerWorker.java:96)
at org.testng.TestNG.runSuitesSequentially(TestNG.java:1187)
at org.testng.TestNG.runSuitesLocally(TestNG.java:1109)
at org.testng.TestNG.runSuites(TestNG.java:1039)
at org.testng.TestNG.run(TestNG.java:1007)
at org.testng.remote.AbstractRemoteTestNG.run(AbstractRemoteTestNG.java:115)
at org.testng.remote.RemoteTestNG.initAndRun(RemoteTestNG.java:251)
at org.testng.remote.RemoteTestNG.main(RemoteTestNG.java:77)
]]>
            </full-stacktrace>
          </exception> <!-- java.lang.AssertionError -->
          <reporter-output>
          </reporter-output>
        </test-method> <!-- validateIndexPageTitle -->
        <test-method is-config="true" signature="tearDown()[pri:0, instance:com.ecommerce.testCases.IndexPageTest@4f6ee6e4]" started-at="2022-06-07T14:54:13 IST" name="tearDown" finished-at="2022-06-07T14:54:14 IST" duration-ms="819" status="PASS">
          <reporter-output>
          </reporter-output>
        </test-method> <!-- tearDown -->
      </class> <!-- com.ecommerce.testCases.IndexPageTest -->
      <class name="com.ecommerce.testCases.EndtoEndTest">
        <test-method is-config="true" signature="setup(java.lang.String)[pri:0, instance:com.ecommerce.testCases.EndtoEndTest@359f7cdf]" started-at="2022-06-07T14:52:16 IST" name="setup" finished-at="2022-06-07T14:52:27 IST" duration-ms="11761" status="PASS">
          <params>
            <param index="0">
              <value>
                <![CDATA[Chrome]]>
              </value>
            </param>
          </params>
          <reporter-output>
          </reporter-output>
        </test-method> <!-- setup -->
        <test-method signature="validateEndtoEndTest(java.lang.String, java.lang.String, java.lang.String)[pri:1, instance:com.ecommerce.testCases.EndtoEndTest@359f7cdf]" started-at="2022-06-07T14:52:27 IST" name="validateEndtoEndTest" data-provider="getProduct" finished-at="2022-06-07T14:53:16 IST" duration-ms="48474" status="PASS">
          <params>
            <param index="0">
              <value>
                <![CDATA[t-shirt]]>
              </value>
            </param>
            <param index="1">
              <value>
                <![CDATA[2.0]]>
              </value>
            </param>
            <param index="2">
              <value>
                <![CDATA[M]]>
              </value>
            </param>
          </params>
          <reporter-output>
          </reporter-output>
        </test-method> <!-- validateEndtoEndTest -->
        <test-method is-config="true" signature="tearDown()[pri:0, instance:com.ecommerce.testCases.EndtoEndTest@359f7cdf]" started-at="2022-06-07T14:53:16 IST" name="tearDown" finished-at="2022-06-07T14:53:17 IST" duration-ms="829" status="PASS">
          <reporter-output>
          </reporter-output>
        </test-method> <!-- tearDown -->
      </class> <!-- com.ecommerce.testCases.EndtoEndTest -->
    </test> <!-- Test -->
  </suite> <!-- Suite -->
</testng-results>
