<?xml version="1.0" encoding="UTF-8"?>
<!-- Generated by org.testng.reporters.JUnitXMLReporter -->
<testsuite ignored="14" hostname="MS-LP-18" failures="0" tests="10" name="ChromeBrowserTest" time="260.251" errors="0" timestamp="2022-06-07T13:05:15 IST">
  <testcase classname="com.ecommerce.testCases.AccountCreationPageTest" name="AccountPageTitleTest" time="12.234"/>
  <testcase classname="com.ecommerce.testCases.LoginPageTest" name="ValidateloginTest" time="9.358"/>
  <testcase classname="com.ecommerce.testCases.AddToCartPageTest" name="validateAddToCartTest" time="22.881"/>
  <testcase classname="com.ecommerce.testCases.IndexPageTest" name="validateAppLogo" time="0.109"/>
  <testcase classname="com.ecommerce.testCases.HomePageTest" name="validateCheckAvailabilityOfMyWishListTest" time="10.899"/>
  <testcase classname="com.ecommerce.testCases.EndtoEndTest" name="validateEndtoEndTest" time="40.994"/>
  <testcase classname="com.ecommerce.testCases.SearchresultPageTest" name="validateSearchProductTest" time="2.195"/>
  <testcase classname="com.ecommerce.testCases.OrderPageTest" name="validateTotalPriceTest" time="12.608"/>
  <testcase classname="com.ecommerce.testCases.IndexPageTest" name="validateIndexPageTitle" time="0.01"/>
  <testcase classname="com.ecommerce.testCases.HomePageTest" name="validateOrderHistorytest" time="21.268"/>
  <testcase classname="com.ecommerce.Base.BaseClass" name="@BeforeTest loadConfig" time="0.0">
    <ignored/>
  </testcase> <!-- @BeforeTest loadConfig -->
  <testcase classname="com.ecommerce.Base.BaseClass" name="@BeforeTest loadConfig" time="0.0">
    <ignored/>
  </testcase> <!-- @BeforeTest loadConfig -->
  <testcase classname="com.ecommerce.Base.BaseClass" name="@BeforeTest loadConfig" time="0.0">
    <ignored/>
  </testcase> <!-- @BeforeTest loadConfig -->
  <testcase classname="com.ecommerce.Base.BaseClass" name="@BeforeTest loadConfig" time="0.0">
    <ignored/>
  </testcase> <!-- @BeforeTest loadConfig -->
  <testcase classname="com.ecommerce.Base.BaseClass" name="@BeforeTest loadConfig" time="0.0">
    <ignored/>
  </testcase> <!-- @BeforeTest loadConfig -->
  <testcase classname="com.ecommerce.Base.BaseClass" name="@BeforeTest loadConfig" time="0.0">
    <ignored/>
  </testcase> <!-- @BeforeTest loadConfig -->
  <testcase classname="com.ecommerce.Base.BaseClass" name="@BeforeTest loadConfig" time="0.0">
    <ignored/>
  </testcase> <!-- @BeforeTest loadConfig -->
  <testcase classname="com.ecommerce.Base.BaseClass" name="@BeforeSuite loadConfigg" time="0.0">
    <ignored/>
  </testcase> <!-- @BeforeSuite loadConfigg -->
  <testcase classname="com.ecommerce.Base.BaseClass" name="@BeforeSuite loadConfigg" time="0.0">
    <ignored/>
  </testcase> <!-- @BeforeSuite loadConfigg -->
  <testcase classname="com.ecommerce.Base.BaseClass" name="@BeforeSuite loadConfigg" time="0.0">
    <ignored/>
  </testcase> <!-- @BeforeSuite loadConfigg -->
  <testcase classname="com.ecommerce.Base.BaseClass" name="@BeforeSuite loadConfigg" time="0.0">
    <ignored/>
  </testcase> <!-- @BeforeSuite loadConfigg -->
  <testcase classname="com.ecommerce.Base.BaseClass" name="@BeforeSuite loadConfigg" time="0.0">
    <ignored/>
  </testcase> <!-- @BeforeSuite loadConfigg -->
  <testcase classname="com.ecommerce.Base.BaseClass" name="@BeforeSuite loadConfigg" time="0.0">
    <ignored/>
  </testcase> <!-- @BeforeSuite loadConfigg -->
  <testcase classname="com.ecommerce.Base.BaseClass" name="@BeforeSuite loadConfigg" time="0.0">
    <ignored/>
  </testcase> <!-- @BeforeSuite loadConfigg -->
</testsuite> <!-- ChromeBrowserTest -->
